[2024-06-10 18:10:22]
[Unsupported] Office 19, Office19ProPlus2019XC2RVL_KMS_ClientC2R edition(0bc88885-718c-491d-921f-6f214349e79c) System: 10 Home China
[2024-06-10 18:10:22]
[Unsupported] Office 19, Office19ProPlus2019VL_KMS_Client_AE edition(85dd8b5f-eaa4-4af3-a628-cce9e77c9a03) System: 10 Home China
[2024-06-10 18:10:23]
[Unsupported] Office 21, Office21ProPlus2021PreviewVL_KMS_Client_AE edition(f3fb2d68-83dd-4c8b-8f09-08e0d950ac3b) System: 10 Home China
[2024-06-10 18:10:24]
[Unsupported] Office 21, Office21ProPlus2021VL_KMS_Client_AE edition(fbdb3e18-a8ef-4fb3-9183-dffd60bd0984) System: 10 Home China
[2024-06-10 18:10:24]
[Unsupported] Office 24, Office24ProPlus2024PreviewVL_KMS_Client_AE edition(fceda083-1203-402a-8ec4-3d7ed9f3648c) System: 10 Home China
[2024-06-10 18:11:07]
Microsoft (R) Windows Script Host Version 5.812
版权所有(C) Microsoft Corporation。保留所有权利。

---Processing--------------------------
---------------------------------------
Installed product key detected - attempting to activate the following product:
SKU ID: 85dd8b5f-eaa4-4af3-a628-cce9e77c9a03
LICENSE NAME: Office 19, Office19ProPlus2019VL_KMS_Client_AE edition
LICENSE DESCRIPTION: Office 19, VOLUME_KMSCLIENT channel
Last 5 characters of installed product key: 6MWKP
<Product activation successful>
---------------------------------------
Installed product key detected - attempting to activate the following product:
SKU ID: d450596f-894d-49e0-966a-fd39ed4c4c64
LICENSE NAME: Office 16, Office16ProPlusVL_KMS_Client edition
LICENSE DESCRIPTION: Office 16, VOLUME_KMSCLIENT channel
Last 5 characters of installed product key: WFG99
<Product activation successful>
---------------------------------------
Installed product key detected - attempting to activate the following product:
SKU ID: fbdb3e18-a8ef-4fb3-9183-dffd60bd0984
LICENSE NAME: Office 21, Office21ProPlus2021VL_KMS_Client_AE edition
LICENSE DESCRIPTION: Office 21, VOLUME_KMSCLIENT channel
Last 5 characters of installed product key: 6F7TH
<Product activation successful>
---------------------------------------
---------------------------------------
---Exiting-----------------------------


